<?xml version="1.0" encoding="UTF-8"?>
<!-- Generated by org.testng.reporters.JUnitXMLReporter -->
<testsuite hostname="BrendenT" name="FailTest" tests="1" failures="1" timestamp="25 Feb 2015 05:24:59 GMT" time="16.202" errors="0">
  <testcase name="test_Account_Login_Page_Appear_Correct" time="7.226" classname="com.booj.base.FailTest">
    <failure type="java.lang.AssertionError" message="expected [true] but found [false]">
      <![CDATA[java.lang.AssertionError: expected [true] but found [false]
	at com.booj.base.FailTest.test_Account_Login_Page_Appear_Correct(FailTest.java:25)
	at java.util.concurrent.FutureTask.run(FutureTask.java:266)
	at java.util.concurrent.ThreadPoolExecutor.runWorker(ThreadPoolExecutor.java:1142)
	at java.util.concurrent.ThreadPoolExecutor$Worker.run(ThreadPoolExecutor.java:617)
	at java.lang.Thread.run(Thread.java:745)
... Removed 20 stack frames]]>
    </failure>
  </testcase> <!-- test_Account_Login_Page_Appear_Correct -->
</testsuite> <!-- FailTest -->
