<?xml version="1.0" encoding="UTF-8"?>
<!-- Generated by org.testng.reporters.JUnitXMLReporter -->
<testsuite hostname="BrendenT" name="Fail" tests="2" failures="0" timestamp="28 Mar 2015 01:52:49 GMT" time="8.052" errors="0">
  <testcase name="@BeforeMethod setupBeforeTestMethod" time="0.0" classname="com.booj.base.FactoryTest">
    <failure type="java.lang.NullPointerException">
      <![CDATA[java.lang.NullPointerException
	at com.booj.base.BaseSuperFactory.setupBeforeTestMethod(BaseSuperFactory.java:27)
	at sun.reflect.NativeMethodAccessorImpl.invoke0(Native Method)
	at sun.reflect.NativeMethodAccessorImpl.invoke(NativeMethodAccessorImpl.java:62)
	at sun.reflect.DelegatingMethodAccessorImpl.invoke(DelegatingMethodAccessorImpl.java:43)
	at java.lang.reflect.Method.invoke(Method.java:483)
	at org.testng.internal.MethodInvocationHelper.invokeMethod(MethodInvocationHelper.java:84)
	at org.testng.internal.Invoker.invokeConfigurationMethod(Invoker.java:564)
	at org.testng.internal.Invoker.invokeConfigurations(Invoker.java:213)
	at org.testng.internal.Invoker.invokeMethod(Invoker.java:653)
	at org.testng.internal.Invoker.invokeTestMethod(Invoker.java:901)
	at org.testng.internal.Invoker.invokeTestMethods(Invoker.java:1231)
	at org.testng.internal.TestMethodWorker.invokeTestMethods(TestMethodWorker.java:127)
	at org.testng.internal.TestMethodWorker.run(TestMethodWorker.java:111)
	at java.util.concurrent.ThreadPoolExecutor.runWorker(ThreadPoolExecutor.java:1142)
	at java.util.concurrent.ThreadPoolExecutor$Worker.run(ThreadPoolExecutor.java:617)
	at java.lang.Thread.run(Thread.java:745)
]]>
    </failure>
  </testcase> <!-- @BeforeMethod setupBeforeTestMethod -->
  <testcase name="@AfterMethod tearDownAfterTestMethod" time="0.0" classname="com.booj.base.FactoryTest">
    <skipped/>
  </testcase> <!-- @AfterMethod tearDownAfterTestMethod -->
  <testcase name="@BeforeMethod setupBeforeTestMethod" time="0.0" classname="com.booj.base.FactoryTest">
    <failure type="java.lang.NullPointerException">
      <![CDATA[java.lang.NullPointerException
	at com.booj.base.BaseSuperFactory.setupBeforeTestMethod(BaseSuperFactory.java:27)
	at sun.reflect.NativeMethodAccessorImpl.invoke0(Native Method)
	at sun.reflect.NativeMethodAccessorImpl.invoke(NativeMethodAccessorImpl.java:62)
	at sun.reflect.DelegatingMethodAccessorImpl.invoke(DelegatingMethodAccessorImpl.java:43)
	at java.lang.reflect.Method.invoke(Method.java:483)
	at org.testng.internal.MethodInvocationHelper.invokeMethod(MethodInvocationHelper.java:84)
	at org.testng.internal.Invoker.invokeConfigurationMethod(Invoker.java:564)
	at org.testng.internal.Invoker.invokeConfigurations(Invoker.java:213)
	at org.testng.internal.Invoker.invokeMethod(Invoker.java:653)
	at org.testng.internal.Invoker.invokeTestMethod(Invoker.java:901)
	at org.testng.internal.Invoker.invokeTestMethods(Invoker.java:1231)
	at org.testng.internal.TestMethodWorker.invokeTestMethods(TestMethodWorker.java:127)
	at org.testng.internal.TestMethodWorker.run(TestMethodWorker.java:111)
	at java.util.concurrent.ThreadPoolExecutor.runWorker(ThreadPoolExecutor.java:1142)
	at java.util.concurrent.ThreadPoolExecutor$Worker.run(ThreadPoolExecutor.java:617)
	at java.lang.Thread.run(Thread.java:745)
]]>
    </failure>
  </testcase> <!-- @BeforeMethod setupBeforeTestMethod -->
  <testcase name="@AfterMethod tearDownAfterTestMethod" time="0.0" classname="com.booj.base.FactoryTest">
    <skipped/>
  </testcase> <!-- @AfterMethod tearDownAfterTestMethod -->
  <testcase name="test_Login_Button_Present_Fail" time="0.001" classname="com.booj.base.FactoryTest">
    <skipped/>
  </testcase> <!-- test_Login_Button_Present_Fail -->
  <testcase name="test_Login_Button_Present_Pass" time="0.001" classname="com.booj.base.FactoryTest">
    <skipped/>
  </testcase> <!-- test_Login_Button_Present_Pass -->
</testsuite> <!-- Fail -->
