<?xml version="1.0" encoding="UTF-8"?>
<testng-results skipped="0" failed="0" total="1" passed="1">
  <reporter-output>
  </reporter-output>
  <suite name="Default suite" duration-ms="13022" started-at="2015-03-04T00:20:21Z" finished-at="2015-03-04T00:20:34Z">
    <groups>
    </groups>
    <test name="Default test" duration-ms="13022" started-at="2015-03-04T00:20:21Z" finished-at="2015-03-04T00:20:34Z">
      <class name="com.booj.base.StaticTest">
        <test-method status="PASS" signature="setupBeforeTestMethod()[pri:0, instance:com.booj.base.StaticTest@4411d970]" name="setupBeforeTestMethod" is-config="true" duration-ms="3922" started-at="2015-03-03T17:20:21Z" finished-at="2015-03-03T17:20:25Z">
          <reporter-output>
          </reporter-output>
        </test-method> <!-- setupBeforeTestMethod -->
        <test-method status="PASS" signature="test_Account_Login_Page_Appear_Correct_Pass()[pri:0, instance:com.booj.base.StaticTest@4411d970]" name="test_Account_Login_Page_Appear_Correct_Pass" duration-ms="8477" started-at="2015-03-03T17:20:25Z" finished-at="2015-03-03T17:20:34Z">
          <reporter-output>
          </reporter-output>
        </test-method> <!-- test_Account_Login_Page_Appear_Correct_Pass -->
        <test-method status="PASS" signature="tearDownAfterTestMethod()[pri:0, instance:com.booj.base.StaticTest@4411d970]" name="tearDownAfterTestMethod" is-config="true" duration-ms="608" started-at="2015-03-03T17:20:34Z" finished-at="2015-03-03T17:20:34Z">
          <reporter-output>
          </reporter-output>
        </test-method> <!-- tearDownAfterTestMethod -->
      </class> <!-- com.booj.base.StaticTest -->
    </test> <!-- Default test -->
  </suite> <!-- Default suite -->
</testng-results>
