<?xml version="1.0" encoding="UTF-8"?>
<testng-results skipped="0" failed="0" total="1" passed="1">
  <reporter-output>
  </reporter-output>
  <suite name="Default suite" duration-ms="6052" started-at="2015-04-07T17:52:48Z" finished-at="2015-04-07T17:52:54Z">
    <groups>
    </groups>
    <test name="Default test" duration-ms="6052" started-at="2015-04-07T17:52:48Z" finished-at="2015-04-07T17:52:54Z">
      <class name="com.booj.base.V2">
        <test-method status="PASS" signature="scenario()[pri:0, instance:com.booj.base.V2@5b247367]" name="scenario" duration-ms="6042" started-at="2015-04-07T11:52:48Z" finished-at="2015-04-07T11:52:54Z">
          <reporter-output>
          </reporter-output>
        </test-method> <!-- scenario -->
      </class> <!-- com.booj.base.V2 -->
    </test> <!-- Default test -->
  </suite> <!-- Default suite -->
</testng-results>
